# JRE version: Java(TM) SE Runtime Environment (21.0.1+12) (build 21.0.1+12-LTS-29)
# Java VM: Java HotSpot(TM) 64-Bit Server VM (21.0.1+12-LTS-29, mixed mode, sharing, tiered, compressed oops, compressed class ptrs, g1 gc, windows-amd64)
GC Precious Log:
 CardTable entry size: 512
 Card Set container configuration: InlinePtr #cards 5 size 8 Array Of Cards #cards 12 size 40 Howl #buckets 4 coarsen threshold 1843 Howl Bitmap #cards 512 size 80 coarsen threshold 460 Card regions per heap region 1 cards per card region 2048
 CPUs: 8 total, 8 available
 Memory: 8059M
 Large Page Support: Disabled
 NUMA Support: Disabled
 Compressed Oops: Enabled (32-bit)
 Heap Region Size: 1M
 Heap Min Capacity: 8M
 Heap Initial Capacity: 126M
 Heap Max Capacity: 2016M
 Pre-touch: Disabled
 Parallel Workers: 8
 Concurrent Workers: 2
 Concurrent Refinement Workers: 8
 Periodic GC: Disabled
Heap:
 garbage-first heap   total 51200K, used 39888K [0x0000000082000000, 0x0000000100000000)
  region size 1024K, 12 young (12288K), 2 survivors (2048K)
 Metaspace       used 50660K, committed 51392K, reserved 1114112K
  class space    used 6695K, committed 7040K, reserved 1048576K
GC Heap History (20 events):
Event: 4.289 GC heap before
{Heap before GC invocations=2 (full 0):
 garbage-first heap   total 129024K, used 46996K [0x0000000082000000, 0x0000000100000000)
  region size 1024K, 42 young (43008K), 3 survivors (3072K)
 Metaspace       used 21298K, committed 21504K, reserved 1114112K
  class space    used 2674K, committed 2752K, reserved 1048576K
}
Event: 4.303 GC heap after
{Heap after GC invocations=3 (full 0):
 garbage-first heap   total 129024K, used 13868K [0x0000000082000000, 0x0000000100000000)
  region size 1024K, 7 young (7168K), 7 survivors (7168K)
 Metaspace       used 21298K, committed 21504K, reserved 1114112K
  class space    used 2674K, committed 2752K, reserved 1048576K
}
Event: 5.428 GC heap before
{Heap before GC invocations=4 (full 0):
 garbage-first heap   total 51200K, used 37420K [0x0000000082000000, 0x0000000100000000)
  region size 1024K, 30 young (30720K), 7 survivors (7168K)
 Metaspace       used 24351K, committed 24640K, reserved 1114112K
  class space    used 3048K, committed 3136K, reserved 1048576K
}
Event: 5.450 GC heap after
{Heap after GC invocations=5 (full 0):
 garbage-first heap   total 51200K, used 15491K [0x0000000082000000, 0x0000000100000000)
  region size 1024K, 3 young (3072K), 3 survivors (3072K)
 Metaspace       used 24351K, committed 24640K, reserved 1114112K
  class space    used 3048K, committed 3136K, reserved 1048576K
}
Event: 6.818 GC heap before
{Heap before GC invocations=5 (full 0):
 garbage-first heap   total 51200K, used 38019K [0x0000000082000000, 0x0000000100000000)
  region size 1024K, 25 young (25600K), 3 survivors (3072K)
 Metaspace       used 28709K, committed 29120K, reserved 1114112K
  class space    used 3633K, committed 3840K, reserved 1048576K
}
Event: 6.833 GC heap after
{Heap after GC invocations=6 (full 0):
 garbage-first heap   total 51200K, used 17254K [0x0000000082000000, 0x0000000100000000)
  region size 1024K, 4 young (4096K), 4 survivors (4096K)
 Metaspace       used 28709K, committed 29120K, reserved 1114112K
  class space    used 3633K, committed 3840K, reserved 1048576K
}
Event: 7.918 GC heap before
{Heap before GC invocations=6 (full 0):
 garbage-first heap   total 51200K, used 39782K [0x0000000082000000, 0x0000000100000000)
  region size 1024K, 26 young (26624K), 4 survivors (4096K)
 Metaspace       used 33000K, committed 33536K, reserved 1114112K
  class space    used 4190K, committed 4416K, reserved 1048576K
}
Event: 7.926 GC heap after
{Heap after GC invocations=7 (full 0):
 garbage-first heap   total 51200K, used 19655K [0x0000000082000000, 0x0000000100000000)
  region size 1024K, 3 young (3072K), 3 survivors (3072K)
 Metaspace       used 33000K, committed 33536K, reserved 1114112K
  class space    used 4190K, committed 4416K, reserved 1048576K
}
Event: 8.437 GC heap before
{Heap before GC invocations=7 (full 0):
 garbage-first heap   total 51200K, used 27847K [0x0000000082000000, 0x0000000100000000)
  region size 1024K, 12 young (12288K), 3 survivors (3072K)
 Metaspace       used 35497K, committed 35968K, reserved 1114112K
  class space    used 4544K, committed 4736K, reserved 1048576K
}
Event: 8.442 GC heap after
{Heap after GC invocations=8 (full 0):
 garbage-first heap   total 51200K, used 20534K [0x0000000082000000, 0x0000000100000000)
  region size 1024K, 1 young (1024K), 1 survivors (1024K)
 Metaspace       used 35497K, committed 35968K, reserved 1114112K
  class space    used 4544K, committed 4736K, reserved 1048576K
}
Event: 9.358 GC heap before
{Heap before GC invocations=9 (full 0):
 garbage-first heap   total 51200K, used 41014K [0x0000000082000000, 0x0000000100000000)
  region size 1024K, 22 young (22528K), 1 survivors (1024K)
 Metaspace       used 39190K, committed 39744K, reserved 1114112K
  class space    used 5133K, committed 5376K, reserved 1048576K
}
Event: 9.363 GC heap after
{Heap after GC invocations=10 (full 0):
 garbage-first heap   total 51200K, used 23118K [0x0000000082000000, 0x0000000100000000)
  region size 1024K, 3 young (3072K), 3 survivors (3072K)
 Metaspace       used 39190K, committed 39744K, reserved 1114112K
  class space    used 5133K, committed 5376K, reserved 1048576K
}
Event: 10.025 GC heap before
{Heap before GC invocations=10 (full 0):
 garbage-first heap   total 51200K, used 42574K [0x0000000082000000, 0x0000000100000000)
  region size 1024K, 22 young (22528K), 3 survivors (3072K)
 Metaspace       used 41382K, committed 41984K, reserved 1114112K
  class space    used 5408K, committed 5696K, reserved 1048576K
}
Event: 10.033 GC heap after
{Heap after GC invocations=11 (full 0):
 garbage-first heap   total 51200K, used 25273K [0x0000000082000000, 0x0000000100000000)
  region size 1024K, 3 young (3072K), 3 survivors (3072K)
 Metaspace       used 41382K, committed 41984K, reserved 1114112K
  class space    used 5408K, committed 5696K, reserved 1048576K
}
Event: 10.638 GC heap before
{Heap before GC invocations=11 (full 0):
 garbage-first heap   total 51200K, used 43705K [0x0000000082000000, 0x0000000100000000)
  region size 1024K, 21 young (21504K), 3 survivors (3072K)
 Metaspace       used 43428K, committed 44096K, reserved 1114112K
  class space    used 5655K, committed 5952K, reserved 1048576K
}
Event: 10.644 GC heap after
{Heap after GC invocations=12 (full 0):
 garbage-first heap   total 51200K, used 27595K [0x0000000082000000, 0x0000000100000000)
  region size 1024K, 3 young (3072K), 3 survivors (3072K)
 Metaspace       used 43428K, committed 44096K, reserved 1114112K
  class space    used 5655K, committed 5952K, reserved 1048576K
}
Event: 11.294 GC heap before
{Heap before GC invocations=13 (full 0):
 garbage-first heap   total 51200K, used 43979K [0x0000000082000000, 0x0000000100000000)
  region size 1024K, 19 young (19456K), 3 survivors (3072K)
 Metaspace       used 45390K, committed 46080K, reserved 1114112K
  class space    used 5950K, committed 6272K, reserved 1048576K
}
Event: 11.299 GC heap after
{Heap after GC invocations=14 (full 0):
 garbage-first heap   total 51200K, used 29608K [0x0000000082000000, 0x0000000100000000)
  region size 1024K, 3 young (3072K), 3 survivors (3072K)
 Metaspace       used 45390K, committed 46080K, reserved 1114112K
  class space    used 5950K, committed 6272K, reserved 1048576K
}
Event: 11.800 GC heap before
{Heap before GC invocations=14 (full 0):
 garbage-first heap   total 51200K, used 43944K [0x0000000082000000, 0x0000000100000000)
  region size 1024K, 17 young (17408K), 3 survivors (3072K)
 Metaspace       used 47372K, committed 48064K, reserved 1114112K
  class space    used 6236K, committed 6528K, reserved 1048576K
}
Event: 11.806 GC heap after
{Heap after GC invocations=15 (full 0):
 garbage-first heap   total 51200K, used 30672K [0x0000000082000000, 0x0000000100000000)
  region size 1024K, 2 young (2048K), 2 survivors (2048K)
 Metaspace       used 47372K, committed 48064K, reserved 1114112K
  class space    used 6236K, committed 6528K, reserved 1048576K
}

