# JRE version: Java(TM) SE Runtime Environment (21.0.1+12) (build 21.0.1+12-LTS-29)
# Java VM: Java HotSpot(TM) 64-Bit Server VM (21.0.1+12-LTS-29, mixed mode, sharing, tiered, compressed oops, compressed class ptrs, g1 gc, windows-amd64)
GC Precious Log:
 CardTable entry size: 512
 Card Set container configuration: InlinePtr #cards 5 size 8 Array Of Cards #cards 12 size 40 Howl #buckets 4 coarsen threshold 1843 Howl Bitmap #cards 512 size 80 coarsen threshold 460 Card regions per heap region 1 cards per card region 2048
 CPUs: 8 total, 8 available
 Memory: 8059M
 Large Page Support: Disabled
 NUMA Support: Disabled
 Compressed Oops: Enabled (32-bit)
 Heap Region Size: 1M
 Heap Min Capacity: 8M
 Heap Initial Capacity: 126M
 Heap Max Capacity: 2016M
 Pre-touch: Disabled
 Parallel Workers: 8
 Concurrent Workers: 2
 Concurrent Refinement Workers: 8
 Periodic GC: Disabled
Heap:
 garbage-first heap   total 56320K, used 33872K [0x0000000082000000, 0x0000000100000000)
  region size 1024K, 3 young (3072K), 1 survivors (1024K)
 Metaspace       used 55533K, committed 56320K, reserved 1114112K
  class space    used 7274K, committed 7616K, reserved 1048576K
GC Heap History (20 events):
Event: 4.943 GC heap before
{Heap before GC invocations=5 (full 0):
 garbage-first heap   total 55296K, used 40680K [0x0000000082000000, 0x0000000100000000)
  region size 1024K, 28 young (28672K), 3 survivors (3072K)
 Metaspace       used 29304K, committed 29696K, reserved 1114112K
  class space    used 3751K, committed 3904K, reserved 1048576K
}
Event: 4.953 GC heap after
{Heap after GC invocations=6 (full 0):
 garbage-first heap   total 55296K, used 17240K [0x0000000082000000, 0x0000000100000000)
  region size 1024K, 4 young (4096K), 4 survivors (4096K)
 Metaspace       used 29304K, committed 29696K, reserved 1114112K
  class space    used 3751K, committed 3904K, reserved 1048576K
}
Event: 6.237 GC heap before
{Heap before GC invocations=6 (full 0):
 garbage-first heap   total 55296K, used 42840K [0x0000000082000000, 0x0000000100000000)
  region size 1024K, 29 young (29696K), 4 survivors (4096K)
 Metaspace       used 35213K, committed 35712K, reserved 1114112K
  class space    used 4504K, committed 4736K, reserved 1048576K
}
Event: 6.243 GC heap after
{Heap after GC invocations=7 (full 0):
 garbage-first heap   total 55296K, used 19959K [0x0000000082000000, 0x0000000100000000)
  region size 1024K, 3 young (3072K), 3 survivors (3072K)
 Metaspace       used 35213K, committed 35712K, reserved 1114112K
  class space    used 4504K, committed 4736K, reserved 1048576K
}
Event: 6.276 GC heap before
{Heap before GC invocations=7 (full 0):
 garbage-first heap   total 55296K, used 20983K [0x0000000082000000, 0x0000000100000000)
  region size 1024K, 5 young (5120K), 3 survivors (3072K)
 Metaspace       used 35627K, committed 36096K, reserved 1114112K
  class space    used 4571K, committed 4800K, reserved 1048576K
}
Event: 6.278 GC heap after
{Heap after GC invocations=8 (full 0):
 garbage-first heap   total 55296K, used 20480K [0x0000000082000000, 0x0000000100000000)
  region size 1024K, 1 young (1024K), 1 survivors (1024K)
 Metaspace       used 35627K, committed 36096K, reserved 1114112K
  class space    used 4571K, committed 4800K, reserved 1048576K
}
Event: 7.031 GC heap before
{Heap before GC invocations=9 (full 0):
 garbage-first heap   total 55296K, used 44032K [0x0000000082000000, 0x0000000100000000)
  region size 1024K, 25 young (25600K), 1 survivors (1024K)
 Metaspace       used 39896K, committed 40512K, reserved 1114112K
  class space    used 5227K, committed 5504K, reserved 1048576K
}
Event: 7.035 GC heap after
{Heap after GC invocations=10 (full 0):
 garbage-first heap   total 55296K, used 23560K [0x0000000082000000, 0x0000000100000000)
  region size 1024K, 4 young (4096K), 4 survivors (4096K)
 Metaspace       used 39896K, committed 40512K, reserved 1114112K
  class space    used 5227K, committed 5504K, reserved 1048576K
}
Event: 7.389 GC heap before
{Heap before GC invocations=10 (full 0):
 garbage-first heap   total 55296K, used 45064K [0x0000000082000000, 0x0000000100000000)
  region size 1024K, 25 young (25600K), 4 survivors (4096K)
 Metaspace       used 41456K, committed 42112K, reserved 1114112K
  class space    used 5403K, committed 5696K, reserved 1048576K
}
Event: 7.395 GC heap after
{Heap after GC invocations=11 (full 0):
 garbage-first heap   total 55296K, used 25916K [0x0000000082000000, 0x0000000100000000)
  region size 1024K, 3 young (3072K), 3 survivors (3072K)
 Metaspace       used 41456K, committed 42112K, reserved 1114112K
  class space    used 5403K, committed 5696K, reserved 1048576K
}
Event: 7.853 GC heap before
{Heap before GC invocations=11 (full 0):
 garbage-first heap   total 55296K, used 46396K [0x0000000082000000, 0x0000000100000000)
  region size 1024K, 23 young (23552K), 3 survivors (3072K)
 Metaspace       used 44207K, committed 44864K, reserved 1114112K
  class space    used 5774K, committed 6080K, reserved 1048576K
}
Event: 7.857 GC heap after
{Heap after GC invocations=12 (full 0):
 garbage-first heap   total 55296K, used 28089K [0x0000000082000000, 0x0000000100000000)
  region size 1024K, 3 young (3072K), 3 survivors (3072K)
 Metaspace       used 44207K, committed 44864K, reserved 1114112K
  class space    used 5774K, committed 6080K, reserved 1048576K
}
Event: 8.349 GC heap before
{Heap before GC invocations=12 (full 0):
 garbage-first heap   total 55296K, used 47545K [0x0000000082000000, 0x0000000100000000)
  region size 1024K, 22 young (22528K), 3 survivors (3072K)
 Metaspace       used 46694K, committed 47360K, reserved 1114112K
  class space    used 6135K, committed 6464K, reserved 1048576K
}
Event: 8.353 GC heap after
{Heap after GC invocations=13 (full 0):
 garbage-first heap   total 55296K, used 30240K [0x0000000082000000, 0x0000000100000000)
  region size 1024K, 3 young (3072K), 3 survivors (3072K)
 Metaspace       used 46694K, committed 47360K, reserved 1114112K
  class space    used 6135K, committed 6464K, reserved 1048576K
}
Event: 13.614 GC heap before
{Heap before GC invocations=14 (full 0):
 garbage-first heap   total 56320K, used 46624K [0x0000000082000000, 0x0000000100000000)
  region size 1024K, 19 young (19456K), 3 survivors (3072K)
 Metaspace       used 51634K, committed 52288K, reserved 1114112K
  class space    used 6864K, committed 7168K, reserved 1048576K
}
Event: 13.618 GC heap after
{Heap after GC invocations=15 (full 0):
 garbage-first heap   total 56320K, used 31460K [0x0000000082000000, 0x0000000100000000)
  region size 1024K, 2 young (2048K), 2 survivors (2048K)
 Metaspace       used 51634K, committed 52288K, reserved 1114112K
  class space    used 6864K, committed 7168K, reserved 1048576K
}
Event: 23.573 GC heap before
{Heap before GC invocations=15 (full 0):
 garbage-first heap   total 56320K, used 47844K [0x0000000082000000, 0x0000000100000000)
  region size 1024K, 19 young (19456K), 2 survivors (2048K)
 Metaspace       used 54403K, committed 55168K, reserved 1114112K
  class space    used 7206K, committed 7552K, reserved 1048576K
}
Event: 23.578 GC heap after
{Heap after GC invocations=16 (full 0):
 garbage-first heap   total 56320K, used 32373K [0x0000000082000000, 0x0000000100000000)
  region size 1024K, 3 young (3072K), 3 survivors (3072K)
 Metaspace       used 54403K, committed 55168K, reserved 1114112K
  class space    used 7206K, committed 7552K, reserved 1048576K
}
Event: 180.034 GC heap before
{Heap before GC invocations=16 (full 0):
 garbage-first heap   total 56320K, used 48757K [0x0000000082000000, 0x0000000100000000)
  region size 1024K, 19 young (19456K), 3 survivors (3072K)
 Metaspace       used 55472K, committed 56256K, reserved 1114112K
  class space    used 7274K, committed 7616K, reserved 1048576K
}
Event: 180.069 GC heap after
{Heap after GC invocations=17 (full 0):
 garbage-first heap   total 56320K, used 32848K [0x0000000082000000, 0x0000000100000000)
  region size 1024K, 1 young (1024K), 1 survivors (1024K)
 Metaspace       used 55472K, committed 56256K, reserved 1114112K
  class space    used 7274K, committed 7616K, reserved 1048576K
}

