# JRE version: Java(TM) SE Runtime Environment (21.0.1+12) (build 21.0.1+12-LTS-29)
# Java VM: Java HotSpot(TM) 64-Bit Server VM (21.0.1+12-LTS-29, mixed mode, sharing, tiered, compressed oops, compressed class ptrs, g1 gc, windows-amd64)
GC Precious Log:
 CardTable entry size: 512
 Card Set container configuration: InlinePtr #cards 5 size 8 Array Of Cards #cards 12 size 40 Howl #buckets 4 coarsen threshold 1843 Howl Bitmap #cards 512 size 80 coarsen threshold 460 Card regions per heap region 1 cards per card region 2048
 CPUs: 8 total, 8 available
 Memory: 8059M
 Large Page Support: Disabled
 NUMA Support: Disabled
 Compressed Oops: Enabled (32-bit)
 Heap Region Size: 1M
 Heap Min Capacity: 8M
 Heap Initial Capacity: 126M
 Heap Max Capacity: 2016M
 Pre-touch: Disabled
 Parallel Workers: 8
 Concurrent Workers: 2
 Concurrent Refinement Workers: 8
 Periodic GC: Disabled
Heap:
 garbage-first heap   total 51200K, used 30793K [0x0000000082000000, 0x0000000100000000)
  region size 1024K, 6 young (6144K), 2 survivors (2048K)
 Metaspace       used 49324K, committed 50112K, reserved 1114112K
  class space    used 6460K, committed 6848K, reserved 1048576K
GC Heap History (20 events):
Event: 1.330 GC heap before
{Heap before GC invocations=0 (full 0):
 garbage-first heap   total 129024K, used 22528K [0x0000000082000000, 0x0000000100000000)
  region size 1024K, 23 young (23552K), 0 survivors (0K)
 Metaspace       used 6956K, committed 7168K, reserved 1114112K
  class space    used 824K, committed 960K, reserved 1048576K
}
Event: 1.339 GC heap after
{Heap after GC invocations=1 (full 0):
 garbage-first heap   total 129024K, used 6527K [0x0000000082000000, 0x0000000100000000)
  region size 1024K, 3 young (3072K), 3 survivors (3072K)
 Metaspace       used 6956K, committed 7168K, reserved 1114112K
  class space    used 824K, committed 960K, reserved 1048576K
}
Event: 1.927 GC heap before
{Heap before GC invocations=1 (full 0):
 garbage-first heap   total 129024K, used 34175K [0x0000000082000000, 0x0000000100000000)
  region size 1024K, 31 young (31744K), 3 survivors (3072K)
 Metaspace       used 14685K, committed 14912K, reserved 1114112K
  class space    used 1761K, committed 1856K, reserved 1048576K
}
Event: 1.933 GC heap after
{Heap after GC invocations=2 (full 0):
 garbage-first heap   total 129024K, used 9021K [0x0000000082000000, 0x0000000100000000)
  region size 1024K, 3 young (3072K), 3 survivors (3072K)
 Metaspace       used 14685K, committed 14912K, reserved 1114112K
  class space    used 1761K, committed 1856K, reserved 1048576K
}
Event: 3.025 GC heap before
{Heap before GC invocations=2 (full 0):
 garbage-first heap   total 129024K, used 51005K [0x0000000082000000, 0x0000000100000000)
  region size 1024K, 45 young (46080K), 3 survivors (3072K)
 Metaspace       used 21219K, committed 21504K, reserved 1114112K
  class space    used 2559K, committed 2688K, reserved 1048576K
}
Event: 3.035 GC heap after
{Heap after GC invocations=3 (full 0):
 garbage-first heap   total 129024K, used 12878K [0x0000000082000000, 0x0000000100000000)
  region size 1024K, 7 young (7168K), 7 survivors (7168K)
 Metaspace       used 21219K, committed 21504K, reserved 1114112K
  class space    used 2559K, committed 2688K, reserved 1048576K
}
Event: 3.781 GC heap before
{Heap before GC invocations=4 (full 0):
 garbage-first heap   total 51200K, used 36430K [0x0000000082000000, 0x0000000100000000)
  region size 1024K, 30 young (30720K), 7 survivors (7168K)
 Metaspace       used 25838K, committed 26304K, reserved 1114112K
  class space    used 3194K, committed 3392K, reserved 1048576K
}
Event: 3.798 GC heap after
{Heap after GC invocations=5 (full 0):
 garbage-first heap   total 51200K, used 15149K [0x0000000082000000, 0x0000000100000000)
  region size 1024K, 3 young (3072K), 3 survivors (3072K)
 Metaspace       used 25838K, committed 26304K, reserved 1114112K
  class space    used 3194K, committed 3392K, reserved 1048576K
}
Event: 4.638 GC heap before
{Heap before GC invocations=5 (full 0):
 garbage-first heap   total 51200K, used 37677K [0x0000000082000000, 0x0000000100000000)
  region size 1024K, 25 young (25600K), 3 survivors (3072K)
 Metaspace       used 31169K, committed 31744K, reserved 1114112K
  class space    used 3897K, committed 4160K, reserved 1048576K
}
Event: 4.648 GC heap after
{Heap after GC invocations=6 (full 0):
 garbage-first heap   total 51200K, used 17288K [0x0000000082000000, 0x0000000100000000)
  region size 1024K, 2 young (2048K), 2 survivors (2048K)
 Metaspace       used 31169K, committed 31744K, reserved 1114112K
  class space    used 3897K, committed 4160K, reserved 1048576K
}
Event: 6.038 GC heap before
{Heap before GC invocations=6 (full 0):
 garbage-first heap   total 51200K, used 35720K [0x0000000082000000, 0x0000000100000000)
  region size 1024K, 22 young (22528K), 2 survivors (2048K)
 Metaspace       used 35503K, committed 35968K, reserved 1114112K
  class space    used 4583K, committed 4800K, reserved 1048576K
}
Event: 6.049 GC heap after
{Heap after GC invocations=7 (full 0):
 garbage-first heap   total 51200K, used 19752K [0x0000000082000000, 0x0000000100000000)
  region size 1024K, 4 young (4096K), 4 survivors (4096K)
 Metaspace       used 35503K, committed 35968K, reserved 1114112K
  class space    used 4583K, committed 4800K, reserved 1048576K
}
Event: 6.716 GC heap before
{Heap before GC invocations=8 (full 0):
 garbage-first heap   total 51200K, used 41256K [0x0000000082000000, 0x0000000100000000)
  region size 1024K, 25 young (25600K), 4 survivors (4096K)
 Metaspace       used 38017K, committed 38592K, reserved 1114112K
  class space    used 4910K, committed 5184K, reserved 1048576K
}
Event: 6.721 GC heap after
{Heap after GC invocations=9 (full 0):
 garbage-first heap   total 51200K, used 22816K [0x0000000082000000, 0x0000000100000000)
  region size 1024K, 3 young (3072K), 3 survivors (3072K)
 Metaspace       used 38017K, committed 38592K, reserved 1114112K
  class space    used 4910K, committed 5184K, reserved 1048576K
}
Event: 7.394 GC heap before
{Heap before GC invocations=9 (full 0):
 garbage-first heap   total 51200K, used 42272K [0x0000000082000000, 0x0000000100000000)
  region size 1024K, 22 young (22528K), 3 survivors (3072K)
 Metaspace       used 41077K, committed 41664K, reserved 1114112K
  class space    used 5364K, committed 5632K, reserved 1048576K
}
Event: 7.399 GC heap after
{Heap after GC invocations=10 (full 0):
 garbage-first heap   total 51200K, used 24660K [0x0000000082000000, 0x0000000100000000)
  region size 1024K, 3 young (3072K), 3 survivors (3072K)
 Metaspace       used 41077K, committed 41664K, reserved 1114112K
  class space    used 5364K, committed 5632K, reserved 1048576K
}
Event: 26.664 GC heap before
{Heap before GC invocations=10 (full 0):
 garbage-first heap   total 51200K, used 42068K [0x0000000082000000, 0x0000000100000000)
  region size 1024K, 21 young (21504K), 3 survivors (3072K)
 Metaspace       used 44900K, committed 45632K, reserved 1114112K
  class space    used 5884K, committed 6208K, reserved 1048576K
}
Event: 26.669 GC heap after
{Heap after GC invocations=11 (full 0):
 garbage-first heap   total 51200K, used 26580K [0x0000000082000000, 0x0000000100000000)
  region size 1024K, 3 young (3072K), 3 survivors (3072K)
 Metaspace       used 44900K, committed 45632K, reserved 1114112K
  class space    used 5884K, committed 6208K, reserved 1048576K
}
Event: 129.002 GC heap before
{Heap before GC invocations=11 (full 0):
 garbage-first heap   total 51200K, used 42964K [0x0000000082000000, 0x0000000100000000)
  region size 1024K, 20 young (20480K), 3 survivors (3072K)
 Metaspace       used 49100K, committed 49856K, reserved 1114112K
  class space    used 6459K, committed 6848K, reserved 1048576K
}
Event: 129.006 GC heap after
{Heap after GC invocations=12 (full 0):
 garbage-first heap   total 51200K, used 27721K [0x0000000082000000, 0x0000000100000000)
  region size 1024K, 2 young (2048K), 2 survivors (2048K)
 Metaspace       used 49100K, committed 49856K, reserved 1114112K
  class space    used 6459K, committed 6848K, reserved 1048576K
}

